[0.007s] Invoking command in '/home/atharv/sim_duallidar/build/ira_laser_tools': /usr/bin/cmake /home/atharv/sim_duallidar/src/ira_laser_tools -DCATKIN_INSTALL_INTO_PREFIX_ROOT=0 -DCMAKE_INSTALL_PREFIX=/home/atharv/sim_duallidar/install/ira_laser_tools
[0.115s] -- The C compiler identification is GNU 11.4.0
[0.220s] -- The CXX compiler identification is GNU 11.4.0
[0.228s] -- Detecting C compiler ABI info
[0.285s] -- Detecting C compiler ABI info - done
[0.290s] -- Check for working C compiler: /usr/bin/cc - skipped
[0.291s] -- Detecting C compile features
[0.291s] -- Detecting C compile features - done
[0.293s] -- Detecting CXX compiler ABI info
[0.351s] -- Detecting CXX compiler ABI info - done
[0.358s] -- Check for working CXX compiler: /usr/bin/c++ - skipped
[0.358s] -- Detecting CXX compile features
[0.358s] -- Detecting CXX compile features - done
[0.366s] [31mCMake Error at CMakeLists.txt:8 (find_package):
[0.366s]   By not providing "Findcatkin.cmake" in CMAKE_MODULE_PATH this project has
[0.366s]   asked CMake to find a package configuration file provided by "catkin", but
[0.366s]   CMake did not find one.
[0.366s] 
[0.366s]   Could not find a package configuration file provided by "catkin" with any
[0.366s]   of the following names:
[0.366s] 
[0.366s]     catkinConfig.cmake
[0.366s]     catkin-config.cmake
[0.366s] 
[0.366s]   Add the installation prefix of "catkin" to CMAKE_PREFIX_PATH or set
[0.367s]   "catkin_DIR" to a directory containing one of the above files.  If "catkin"
[0.367s]   provides a separate development package or SDK, be sure it has been
[0.367s]   installed.
[0.367s] 
[0.367s] [0m
[0.367s] -- Configuring incomplete, errors occurred!
[0.367s] See also "/home/atharv/sim_duallidar/build/ira_laser_tools/CMakeFiles/CMakeOutput.log".
[0.369s] Invoked command in '/home/atharv/sim_duallidar/build/ira_laser_tools' returned '1': /usr/bin/cmake /home/atharv/sim_duallidar/src/ira_laser_tools -DCATKIN_INSTALL_INTO_PREFIX_ROOT=0 -DCMAKE_INSTALL_PREFIX=/home/atharv/sim_duallidar/install/ira_laser_tools
