running develop
Removing /home/atharv/sim_duallidar/install/dual_lidar_merger/lib/python3.10/site-packages/dual-lidar-merger.egg-link (link to .)
running egg_info
writing ../../build/dual_lidar_merger/dual_lidar_merger.egg-info/PKG-INFO
writing dependency_links to ../../build/dual_lidar_merger/dual_lidar_merger.egg-info/dependency_links.txt
writing entry points to ../../build/dual_lidar_merger/dual_lidar_merger.egg-info/entry_points.txt
writing requirements to ../../build/dual_lidar_merger/dual_lidar_merger.egg-info/requires.txt
writing top-level names to ../../build/dual_lidar_merger/dual_lidar_merger.egg-info/top_level.txt
reading manifest file '../../build/dual_lidar_merger/dual_lidar_merger.egg-info/SOURCES.txt'
writing manifest file '../../build/dual_lidar_merger/dual_lidar_merger.egg-info/SOURCES.txt'
running build
running build_py
creating /home/atharv/sim_duallidar/build/dual_lidar_merger/build
creating /home/atharv/sim_duallidar/build/dual_lidar_merger/build/lib
creating /home/atharv/sim_duallidar/build/dual_lidar_merger/build/lib/dual_lidar_merger
copying dual_lidar_merger/laser_merger_node.py -> /home/atharv/sim_duallidar/build/dual_lidar_merger/build/lib/dual_lidar_merger
copying dual_lidar_merger/__init__.py -> /home/atharv/sim_duallidar/build/dual_lidar_merger/build/lib/dual_lidar_merger
running install
running install_lib
creating /home/atharv/sim_duallidar/install/dual_lidar_merger/lib/python3.10/site-packages/dual_lidar_merger
copying /home/atharv/sim_duallidar/build/dual_lidar_merger/build/lib/dual_lidar_merger/laser_merger_node.py -> /home/atharv/sim_duallidar/install/dual_lidar_merger/lib/python3.10/site-packages/dual_lidar_merger
copying /home/atharv/sim_duallidar/build/dual_lidar_merger/build/lib/dual_lidar_merger/__init__.py -> /home/atharv/sim_duallidar/install/dual_lidar_merger/lib/python3.10/site-packages/dual_lidar_merger
byte-compiling /home/atharv/sim_duallidar/install/dual_lidar_merger/lib/python3.10/site-packages/dual_lidar_merger/laser_merger_node.py to laser_merger_node.cpython-310.pyc
byte-compiling /home/atharv/sim_duallidar/install/dual_lidar_merger/lib/python3.10/site-packages/dual_lidar_merger/__init__.py to __init__.cpython-310.pyc
running install_data
copying resource/dual_lidar_merger -> /home/atharv/sim_duallidar/install/dual_lidar_merger/share/ament_index/resource_index/packages
copying package.xml -> /home/atharv/sim_duallidar/install/dual_lidar_merger/share/dual_lidar_merger
running install_egg_info
Copying ../../build/dual_lidar_merger/dual_lidar_merger.egg-info to /home/atharv/sim_duallidar/install/dual_lidar_merger/lib/python3.10/site-packages/dual_lidar_merger-0.0.0-py3.10.egg-info
running install_scripts
Installing laser_merger script to /home/atharv/sim_duallidar/install/dual_lidar_merger/lib/dual_lidar_merger
writing list of installed files to '/home/atharv/sim_duallidar/build/dual_lidar_merger/install.log'
