[0.007s] Invoking command in '/home/atharv/sim_duallidar/build/ira_laser_tools': /usr/bin/cmake /home/atharv/sim_duallidar/src/ira_laser_tools -DCATKIN_INSTALL_INTO_PREFIX_ROOT=0 -DCMAKE_INSTALL_PREFIX=/home/atharv/sim_duallidar/install/ira_laser_tools
[0.025s] [31mCMake Error at CMakeLists.txt:8 (find_package):
[0.025s]   By not providing "Findcatkin.cmake" in CMAKE_MODULE_PATH this project has
[0.025s]   asked CMake to find a package configuration file provided by "catkin", but
[0.025s]   CMake did not find one.
[0.025s] 
[0.025s]   Could not find a package configuration file provided by "catkin" with any
[0.025s]   of the following names:
[0.025s] 
[0.025s]     catkinConfig.cmake
[0.025s]     catkin-config.cmake
[0.025s] 
[0.025s]   Add the installation prefix of "catkin" to CMAKE_PREFIX_PATH or set
[0.025s]   "catkin_DIR" to a directory containing one of the above files.  If "catkin"
[0.025s]   provides a separate development package or SDK, be sure it has been
[0.025s]   installed.
[0.025s] 
[0.025s] [0m
[0.025s] -- Configuring incomplete, errors occurred!
[0.025s] See also "/home/atharv/sim_duallidar/build/ira_laser_tools/CMakeFiles/CMakeOutput.log".
[0.026s] Invoked command in '/home/atharv/sim_duallidar/build/ira_laser_tools' returned '1': /usr/bin/cmake /home/atharv/sim_duallidar/src/ira_laser_tools -DCATKIN_INSTALL_INTO_PREFIX_ROOT=0 -DCMAKE_INSTALL_PREFIX=/home/atharv/sim_duallidar/install/ira_laser_tools
