[0.060s] DEBUG:colcon:Command line arguments: ['/usr/bin/colcon', 'build', '--symlink-install']
[0.060s] DEBUG:colcon:Parsed command line arguments: Namespace(log_base=None, log_level=None, verb_name='build', build_base='build', install_base='install', merge_install=False, symlink_install=True, test_result_base=None, continue_on_error=False, executor='parallel', parallel_workers=16, event_handlers=None, ignore_user_meta=False, metas=['./colcon.meta'], base_paths=['.'], packages_ignore=None, packages_ignore_regex=None, paths=None, packages_up_to=None, packages_up_to_regex=None, packages_above=None, packages_above_and_dependencies=None, packages_above_depth=None, packages_select_by_dep=None, packages_skip_by_dep=None, packages_skip_up_to=None, packages_select_build_failed=False, packages_skip_build_finished=False, packages_select_test_failures=False, packages_skip_test_passed=False, packages_select=None, packages_skip=None, packages_select_regex=None, packages_skip_regex=None, packages_start=None, packages_end=None, allow_overriding=[], cmake_args=None, cmake_target=None, cmake_target_skip_unavailable=False, cmake_clean_cache=False, cmake_clean_first=False, cmake_force_configure=False, ament_cmake_args=None, catkin_cmake_args=None, catkin_skip_building_tests=False, verb_parser=<colcon_defaults.argument_parser.defaults.DefaultArgumentsDecorator object at 0x7e431b6e3e80>, verb_extension=<colcon_core.verb.build.BuildVerb object at 0x7e431b6e3910>, main=<bound method BuildVerb.main of <colcon_core.verb.build.BuildVerb object at 0x7e431b6e3910>>)
[0.147s] Level 1:colcon.colcon_core.package_discovery:discover_packages(colcon_meta) check parameters
[0.147s] Level 1:colcon.colcon_core.package_discovery:discover_packages(recursive) check parameters
[0.147s] Level 1:colcon.colcon_core.package_discovery:discover_packages(ignore) check parameters
[0.147s] Level 1:colcon.colcon_core.package_discovery:discover_packages(path) check parameters
[0.147s] Level 1:colcon.colcon_core.package_discovery:discover_packages(colcon_meta) discover
[0.147s] Level 1:colcon.colcon_core.package_discovery:discover_packages(recursive) discover
[0.147s] INFO:colcon.colcon_core.package_discovery:Crawling recursively for packages in '/home/atharv/sim_duallidar'
[0.147s] Level 1:colcon.colcon_core.package_identification:_identify(.) by extensions ['ignore', 'ignore_ament_install']
[0.148s] Level 1:colcon.colcon_core.package_identification:_identify(.) by extension 'ignore'
[0.148s] Level 1:colcon.colcon_core.package_identification:_identify(.) by extension 'ignore_ament_install'
[0.148s] Level 1:colcon.colcon_core.package_identification:_identify(.) by extensions ['colcon_pkg']
[0.148s] Level 1:colcon.colcon_core.package_identification:_identify(.) by extension 'colcon_pkg'
[0.148s] Level 1:colcon.colcon_core.package_identification:_identify(.) by extensions ['colcon_meta']
[0.148s] Level 1:colcon.colcon_core.package_identification:_identify(.) by extension 'colcon_meta'
[0.148s] Level 1:colcon.colcon_core.package_identification:_identify(.) by extensions ['ros']
[0.148s] Level 1:colcon.colcon_core.package_identification:_identify(.) by extension 'ros'
[0.155s] Level 1:colcon.colcon_core.package_identification:_identify(.) by extensions ['cmake', 'python']
[0.155s] Level 1:colcon.colcon_core.package_identification:_identify(.) by extension 'cmake'
[0.155s] Level 1:colcon.colcon_core.package_identification:_identify(.) by extension 'python'
[0.155s] Level 1:colcon.colcon_core.package_identification:_identify(.) by extensions ['python_setup_py']
[0.155s] Level 1:colcon.colcon_core.package_identification:_identify(.) by extension 'python_setup_py'
[0.155s] Level 1:colcon.colcon_core.package_identification:_identify(build) by extensions ['ignore', 'ignore_ament_install']
[0.155s] Level 1:colcon.colcon_core.package_identification:_identify(build) by extension 'ignore'
[0.155s] Level 1:colcon.colcon_core.package_identification:_identify(build) ignored
[0.155s] Level 1:colcon.colcon_core.package_identification:_identify(install) by extensions ['ignore', 'ignore_ament_install']
[0.155s] Level 1:colcon.colcon_core.package_identification:_identify(install) by extension 'ignore'
[0.155s] Level 1:colcon.colcon_core.package_identification:_identify(install) ignored
[0.155s] Level 1:colcon.colcon_core.package_identification:_identify(log) by extensions ['ignore', 'ignore_ament_install']
[0.155s] Level 1:colcon.colcon_core.package_identification:_identify(log) by extension 'ignore'
[0.155s] Level 1:colcon.colcon_core.package_identification:_identify(log) ignored
[0.155s] Level 1:colcon.colcon_core.package_identification:_identify(src) by extensions ['ignore', 'ignore_ament_install']
[0.155s] Level 1:colcon.colcon_core.package_identification:_identify(src) by extension 'ignore'
[0.155s] Level 1:colcon.colcon_core.package_identification:_identify(src) by extension 'ignore_ament_install'
[0.155s] Level 1:colcon.colcon_core.package_identification:_identify(src) by extensions ['colcon_pkg']
[0.155s] Level 1:colcon.colcon_core.package_identification:_identify(src) by extension 'colcon_pkg'
[0.155s] Level 1:colcon.colcon_core.package_identification:_identify(src) by extensions ['colcon_meta']
[0.156s] Level 1:colcon.colcon_core.package_identification:_identify(src) by extension 'colcon_meta'
[0.156s] Level 1:colcon.colcon_core.package_identification:_identify(src) by extensions ['ros']
[0.156s] Level 1:colcon.colcon_core.package_identification:_identify(src) by extension 'ros'
[0.156s] Level 1:colcon.colcon_core.package_identification:_identify(src) by extensions ['cmake', 'python']
[0.156s] Level 1:colcon.colcon_core.package_identification:_identify(src) by extension 'cmake'
[0.156s] Level 1:colcon.colcon_core.package_identification:_identify(src) by extension 'python'
[0.156s] Level 1:colcon.colcon_core.package_identification:_identify(src) by extensions ['python_setup_py']
[0.156s] Level 1:colcon.colcon_core.package_identification:_identify(src) by extension 'python_setup_py'
[0.156s] Level 1:colcon.colcon_core.package_identification:_identify(src/articubot_one) by extensions ['ignore', 'ignore_ament_install']
[0.156s] Level 1:colcon.colcon_core.package_identification:_identify(src/articubot_one) by extension 'ignore'
[0.156s] Level 1:colcon.colcon_core.package_identification:_identify(src/articubot_one) by extension 'ignore_ament_install'
[0.156s] Level 1:colcon.colcon_core.package_identification:_identify(src/articubot_one) by extensions ['colcon_pkg']
[0.156s] Level 1:colcon.colcon_core.package_identification:_identify(src/articubot_one) by extension 'colcon_pkg'
[0.156s] Level 1:colcon.colcon_core.package_identification:_identify(src/articubot_one) by extensions ['colcon_meta']
[0.156s] Level 1:colcon.colcon_core.package_identification:_identify(src/articubot_one) by extension 'colcon_meta'
[0.156s] Level 1:colcon.colcon_core.package_identification:_identify(src/articubot_one) by extensions ['ros']
[0.156s] Level 1:colcon.colcon_core.package_identification:_identify(src/articubot_one) by extension 'ros'
[0.158s] DEBUG:colcon.colcon_core.package_identification:Package 'src/articubot_one' with type 'ros.ament_cmake' and name 'articubot_one'
[0.158s] Level 1:colcon.colcon_core.package_identification:_identify(src/dual_lidar_merger) by extensions ['ignore', 'ignore_ament_install']
[0.158s] Level 1:colcon.colcon_core.package_identification:_identify(src/dual_lidar_merger) by extension 'ignore'
[0.158s] Level 1:colcon.colcon_core.package_identification:_identify(src/dual_lidar_merger) by extension 'ignore_ament_install'
[0.158s] Level 1:colcon.colcon_core.package_identification:_identify(src/dual_lidar_merger) by extensions ['colcon_pkg']
[0.158s] Level 1:colcon.colcon_core.package_identification:_identify(src/dual_lidar_merger) by extension 'colcon_pkg'
[0.158s] Level 1:colcon.colcon_core.package_identification:_identify(src/dual_lidar_merger) by extensions ['colcon_meta']
[0.158s] Level 1:colcon.colcon_core.package_identification:_identify(src/dual_lidar_merger) by extension 'colcon_meta'
[0.158s] Level 1:colcon.colcon_core.package_identification:_identify(src/dual_lidar_merger) by extensions ['ros']
[0.158s] Level 1:colcon.colcon_core.package_identification:_identify(src/dual_lidar_merger) by extension 'ros'
[0.158s] DEBUG:colcon.colcon_core.package_identification:Package 'src/dual_lidar_merger' with type 'ros.ament_python' and name 'dual_lidar_merger'
[0.158s] Level 1:colcon.colcon_core.package_discovery:discover_packages(recursive) using defaults
[0.159s] Level 1:colcon.colcon_core.package_discovery:discover_packages(ignore) discover
[0.159s] Level 1:colcon.colcon_core.package_discovery:discover_packages(ignore) using defaults
[0.159s] Level 1:colcon.colcon_core.package_discovery:discover_packages(path) discover
[0.159s] Level 1:colcon.colcon_core.package_discovery:discover_packages(path) using defaults
[0.178s] Level 1:colcon.colcon_core.package_discovery:discover_packages(prefix_path) check parameters
[0.178s] Level 1:colcon.colcon_core.package_discovery:discover_packages(prefix_path) discover
[0.179s] DEBUG:colcon.colcon_installed_package_information.package_discovery:Found 3 installed packages in /home/atharv/sim_duallidar/install
[0.180s] DEBUG:colcon.colcon_installed_package_information.package_discovery:Found 1 installed packages in /home/atharv/dev_ws/install
[0.180s] DEBUG:colcon.colcon_installed_package_information.package_discovery:Found 348 installed packages in /opt/ros/humble
[0.181s] Level 1:colcon.colcon_core.package_discovery:discover_packages(prefix_path) using defaults
[0.204s] Level 5:colcon.colcon_core.verb:set package 'articubot_one' build argument 'cmake_args' from command line to 'None'
[0.204s] Level 5:colcon.colcon_core.verb:set package 'articubot_one' build argument 'cmake_target' from command line to 'None'
[0.204s] Level 5:colcon.colcon_core.verb:set package 'articubot_one' build argument 'cmake_target_skip_unavailable' from command line to 'False'
[0.204s] Level 5:colcon.colcon_core.verb:set package 'articubot_one' build argument 'cmake_clean_cache' from command line to 'False'
[0.204s] Level 5:colcon.colcon_core.verb:set package 'articubot_one' build argument 'cmake_clean_first' from command line to 'False'
[0.204s] Level 5:colcon.colcon_core.verb:set package 'articubot_one' build argument 'cmake_force_configure' from command line to 'False'
[0.204s] Level 5:colcon.colcon_core.verb:set package 'articubot_one' build argument 'ament_cmake_args' from command line to 'None'
[0.204s] Level 5:colcon.colcon_core.verb:set package 'articubot_one' build argument 'catkin_cmake_args' from command line to 'None'
[0.204s] Level 5:colcon.colcon_core.verb:set package 'articubot_one' build argument 'catkin_skip_building_tests' from command line to 'False'
[0.204s] DEBUG:colcon.colcon_core.verb:Building package 'articubot_one' with the following arguments: {'ament_cmake_args': None, 'build_base': '/home/atharv/sim_duallidar/build/articubot_one', 'catkin_cmake_args': None, 'catkin_skip_building_tests': False, 'cmake_args': None, 'cmake_clean_cache': False, 'cmake_clean_first': False, 'cmake_force_configure': False, 'cmake_target': None, 'cmake_target_skip_unavailable': False, 'install_base': '/home/atharv/sim_duallidar/install/articubot_one', 'merge_install': False, 'path': '/home/atharv/sim_duallidar/src/articubot_one', 'symlink_install': True, 'test_result_base': None}
[0.204s] Level 5:colcon.colcon_core.verb:set package 'dual_lidar_merger' build argument 'cmake_args' from command line to 'None'
[0.205s] Level 5:colcon.colcon_core.verb:set package 'dual_lidar_merger' build argument 'cmake_target' from command line to 'None'
[0.205s] Level 5:colcon.colcon_core.verb:set package 'dual_lidar_merger' build argument 'cmake_target_skip_unavailable' from command line to 'False'
[0.205s] Level 5:colcon.colcon_core.verb:set package 'dual_lidar_merger' build argument 'cmake_clean_cache' from command line to 'False'
[0.205s] Level 5:colcon.colcon_core.verb:set package 'dual_lidar_merger' build argument 'cmake_clean_first' from command line to 'False'
[0.205s] Level 5:colcon.colcon_core.verb:set package 'dual_lidar_merger' build argument 'cmake_force_configure' from command line to 'False'
[0.205s] Level 5:colcon.colcon_core.verb:set package 'dual_lidar_merger' build argument 'ament_cmake_args' from command line to 'None'
[0.205s] Level 5:colcon.colcon_core.verb:set package 'dual_lidar_merger' build argument 'catkin_cmake_args' from command line to 'None'
[0.205s] Level 5:colcon.colcon_core.verb:set package 'dual_lidar_merger' build argument 'catkin_skip_building_tests' from command line to 'False'
[0.205s] DEBUG:colcon.colcon_core.verb:Building package 'dual_lidar_merger' with the following arguments: {'ament_cmake_args': None, 'build_base': '/home/atharv/sim_duallidar/build/dual_lidar_merger', 'catkin_cmake_args': None, 'catkin_skip_building_tests': False, 'cmake_args': None, 'cmake_clean_cache': False, 'cmake_clean_first': False, 'cmake_force_configure': False, 'cmake_target': None, 'cmake_target_skip_unavailable': False, 'install_base': '/home/atharv/sim_duallidar/install/dual_lidar_merger', 'merge_install': False, 'path': '/home/atharv/sim_duallidar/src/dual_lidar_merger', 'symlink_install': True, 'test_result_base': None}
[0.205s] INFO:colcon.colcon_core.executor:Executing jobs using 'parallel' executor
[0.205s] DEBUG:colcon.colcon_parallel_executor.executor.parallel:run_until_complete
[0.206s] INFO:colcon.colcon_ros.task.ament_cmake.build:Building ROS package in '/home/atharv/sim_duallidar/src/articubot_one' with build type 'ament_cmake'
[0.206s] INFO:colcon.colcon_cmake.task.cmake.build:Building CMake package in '/home/atharv/sim_duallidar/src/articubot_one'
[0.207s] INFO:colcon.colcon_core.plugin_system:Skipping extension 'colcon_core.shell.bat': Not used on non-Windows systems
[0.207s] INFO:colcon.colcon_core.shell:Skip shell extension 'powershell' for command environment: Not usable outside of PowerShell
[0.207s] DEBUG:colcon.colcon_core.shell:Skip shell extension 'dsv' for command environment
[0.209s] INFO:colcon.colcon_ros.task.ament_python.build:Building ROS package in '/home/atharv/sim_duallidar/src/dual_lidar_merger' with build type 'ament_python'
[0.209s] Level 1:colcon.colcon_core.shell:create_environment_hook('dual_lidar_merger', 'ament_prefix_path')
[0.210s] INFO:colcon.colcon_core.shell:Creating environment hook '/home/atharv/sim_duallidar/install/dual_lidar_merger/share/dual_lidar_merger/hook/ament_prefix_path.ps1'
[0.210s] INFO:colcon.colcon_core.shell:Creating environment descriptor '/home/atharv/sim_duallidar/install/dual_lidar_merger/share/dual_lidar_merger/hook/ament_prefix_path.dsv'
[0.210s] INFO:colcon.colcon_core.shell:Creating environment hook '/home/atharv/sim_duallidar/install/dual_lidar_merger/share/dual_lidar_merger/hook/ament_prefix_path.sh'
[0.211s] INFO:colcon.colcon_core.shell:Skip shell extension 'powershell' for command environment: Not usable outside of PowerShell
[0.211s] DEBUG:colcon.colcon_core.shell:Skip shell extension 'dsv' for command environment
[0.216s] DEBUG:colcon.colcon_core.event_handler.log_command:Invoking command in '/home/atharv/sim_duallidar/build/articubot_one': CMAKE_PREFIX_PATH=${CMAKE_PREFIX_PATH}:/home/atharv/sim_duallidar/install/dual_lidar_merger:/opt/ros/humble /usr/bin/cmake --build /home/atharv/sim_duallidar/build/articubot_one -- -j16 -l16
[0.364s] INFO:colcon.colcon_core.task.python.build:Building Python package in '/home/atharv/sim_duallidar/src/dual_lidar_merger'
[0.365s] INFO:colcon.colcon_core.shell:Skip shell extension 'powershell' for command environment: Not usable outside of PowerShell
[0.365s] DEBUG:colcon.colcon_core.shell:Skip shell extension 'dsv' for command environment
[0.368s] DEBUG:colcon.colcon_core.event_handler.log_command:Invoked command in '/home/atharv/sim_duallidar/build/articubot_one' returned '0': CMAKE_PREFIX_PATH=${CMAKE_PREFIX_PATH}:/home/atharv/sim_duallidar/install/dual_lidar_merger:/opt/ros/humble /usr/bin/cmake --build /home/atharv/sim_duallidar/build/articubot_one -- -j16 -l16
[0.376s] DEBUG:colcon.colcon_core.event_handler.log_command:Invoking command in '/home/atharv/sim_duallidar/build/articubot_one': CMAKE_PREFIX_PATH=${CMAKE_PREFIX_PATH}:/home/atharv/sim_duallidar/install/dual_lidar_merger:/opt/ros/humble /usr/bin/cmake --install /home/atharv/sim_duallidar/build/articubot_one
[0.393s] Level 1:colcon.colcon_core.environment:create_environment_scripts_only(articubot_one)
[0.394s] DEBUG:colcon.colcon_core.event_handler.log_command:Invoked command in '/home/atharv/sim_duallidar/build/articubot_one' returned '0': CMAKE_PREFIX_PATH=${CMAKE_PREFIX_PATH}:/home/atharv/sim_duallidar/install/dual_lidar_merger:/opt/ros/humble /usr/bin/cmake --install /home/atharv/sim_duallidar/build/articubot_one
[0.396s] Level 1:colcon.colcon_core.environment:checking '/home/atharv/sim_duallidar/install/articubot_one' for CMake module files
[0.396s] Level 1:colcon.colcon_core.environment:checking '/home/atharv/sim_duallidar/install/articubot_one' for CMake config files
[0.397s] Level 1:colcon.colcon_core.shell:create_environment_hook('articubot_one', 'cmake_prefix_path')
[0.397s] INFO:colcon.colcon_core.shell:Creating environment hook '/home/atharv/sim_duallidar/install/articubot_one/share/articubot_one/hook/cmake_prefix_path.ps1'
[0.397s] INFO:colcon.colcon_core.shell:Creating environment descriptor '/home/atharv/sim_duallidar/install/articubot_one/share/articubot_one/hook/cmake_prefix_path.dsv'
[0.398s] INFO:colcon.colcon_core.shell:Creating environment hook '/home/atharv/sim_duallidar/install/articubot_one/share/articubot_one/hook/cmake_prefix_path.sh'
[0.398s] Level 1:colcon.colcon_core.environment:checking '/home/atharv/sim_duallidar/install/articubot_one/bin'
[0.399s] Level 1:colcon.colcon_core.environment:checking '/home/atharv/sim_duallidar/install/articubot_one/lib/pkgconfig/articubot_one.pc'
[0.399s] Level 1:colcon.colcon_core.environment:checking '/home/atharv/sim_duallidar/install/articubot_one/lib/python3.10/site-packages'
[0.399s] Level 1:colcon.colcon_core.environment:checking '/home/atharv/sim_duallidar/install/articubot_one/bin'
[0.399s] INFO:colcon.colcon_core.shell:Creating package script '/home/atharv/sim_duallidar/install/articubot_one/share/articubot_one/package.ps1'
[0.400s] INFO:colcon.colcon_core.shell:Creating package descriptor '/home/atharv/sim_duallidar/install/articubot_one/share/articubot_one/package.dsv'
[0.400s] INFO:colcon.colcon_core.shell:Creating package script '/home/atharv/sim_duallidar/install/articubot_one/share/articubot_one/package.sh'
[0.401s] INFO:colcon.colcon_core.shell:Creating package script '/home/atharv/sim_duallidar/install/articubot_one/share/articubot_one/package.bash'
[0.401s] INFO:colcon.colcon_core.shell:Creating package script '/home/atharv/sim_duallidar/install/articubot_one/share/articubot_one/package.zsh'
[0.401s] Level 1:colcon.colcon_core.environment:create_file_with_runtime_dependencies(/home/atharv/sim_duallidar/install/articubot_one/share/colcon-core/packages/articubot_one)
[0.402s] Level 1:colcon.colcon_core.environment:create_environment_scripts_only(articubot_one)
[0.402s] Level 1:colcon.colcon_core.environment:checking '/home/atharv/sim_duallidar/install/articubot_one' for CMake module files
[0.402s] Level 1:colcon.colcon_core.environment:checking '/home/atharv/sim_duallidar/install/articubot_one' for CMake config files
[0.402s] Level 1:colcon.colcon_core.shell:create_environment_hook('articubot_one', 'cmake_prefix_path')
[0.402s] INFO:colcon.colcon_core.shell:Creating environment hook '/home/atharv/sim_duallidar/install/articubot_one/share/articubot_one/hook/cmake_prefix_path.ps1'
[0.402s] INFO:colcon.colcon_core.shell:Creating environment descriptor '/home/atharv/sim_duallidar/install/articubot_one/share/articubot_one/hook/cmake_prefix_path.dsv'
[0.403s] INFO:colcon.colcon_core.shell:Creating environment hook '/home/atharv/sim_duallidar/install/articubot_one/share/articubot_one/hook/cmake_prefix_path.sh'
[0.403s] Level 1:colcon.colcon_core.environment:checking '/home/atharv/sim_duallidar/install/articubot_one/bin'
[0.403s] Level 1:colcon.colcon_core.environment:checking '/home/atharv/sim_duallidar/install/articubot_one/lib/pkgconfig/articubot_one.pc'
[0.403s] Level 1:colcon.colcon_core.environment:checking '/home/atharv/sim_duallidar/install/articubot_one/lib/python3.10/site-packages'
[0.403s] Level 1:colcon.colcon_core.environment:checking '/home/atharv/sim_duallidar/install/articubot_one/bin'
[0.403s] INFO:colcon.colcon_core.shell:Creating package script '/home/atharv/sim_duallidar/install/articubot_one/share/articubot_one/package.ps1'
[0.404s] INFO:colcon.colcon_core.shell:Creating package descriptor '/home/atharv/sim_duallidar/install/articubot_one/share/articubot_one/package.dsv'
[0.404s] INFO:colcon.colcon_core.shell:Creating package script '/home/atharv/sim_duallidar/install/articubot_one/share/articubot_one/package.sh'
[0.404s] INFO:colcon.colcon_core.shell:Creating package script '/home/atharv/sim_duallidar/install/articubot_one/share/articubot_one/package.bash'
[0.404s] INFO:colcon.colcon_core.shell:Creating package script '/home/atharv/sim_duallidar/install/articubot_one/share/articubot_one/package.zsh'
[0.405s] Level 1:colcon.colcon_core.environment:create_file_with_runtime_dependencies(/home/atharv/sim_duallidar/install/articubot_one/share/colcon-core/packages/articubot_one)
[0.606s] DEBUG:colcon.colcon_core.event_handler.log_command:Invoking command in '/home/atharv/sim_duallidar/build/dual_lidar_merger': PYTHONPATH=/home/atharv/sim_duallidar/build/dual_lidar_merger/prefix_override:/usr/lib/python3/dist-packages/colcon_core/task/python/colcon_distutils_commands:/home/atharv/sim_duallidar/install/dual_lidar_merger/lib/python3.10/site-packages:${PYTHONPATH} /usr/bin/python3 -W ignore:setup.py install is deprecated -W ignore:easy_install command is deprecated setup.py develop --editable --build-directory /home/atharv/sim_duallidar/build/dual_lidar_merger/build --no-deps symlink_data
[0.873s] Level 1:colcon.colcon_core.shell:create_environment_hook('dual_lidar_merger', 'pythonpath_develop')
[0.873s] INFO:colcon.colcon_core.shell:Creating environment hook '/home/atharv/sim_duallidar/build/dual_lidar_merger/share/dual_lidar_merger/hook/pythonpath_develop.ps1'
[0.873s] DEBUG:colcon.colcon_core.event_handler.log_command:Invoked command in '/home/atharv/sim_duallidar/build/dual_lidar_merger' returned '0': PYTHONPATH=/home/atharv/sim_duallidar/build/dual_lidar_merger/prefix_override:/usr/lib/python3/dist-packages/colcon_core/task/python/colcon_distutils_commands:/home/atharv/sim_duallidar/install/dual_lidar_merger/lib/python3.10/site-packages:${PYTHONPATH} /usr/bin/python3 -W ignore:setup.py install is deprecated -W ignore:easy_install command is deprecated setup.py develop --editable --build-directory /home/atharv/sim_duallidar/build/dual_lidar_merger/build --no-deps symlink_data
[0.873s] INFO:colcon.colcon_core.shell:Creating environment descriptor '/home/atharv/sim_duallidar/build/dual_lidar_merger/share/dual_lidar_merger/hook/pythonpath_develop.dsv'
[0.874s] INFO:colcon.colcon_core.shell:Creating environment hook '/home/atharv/sim_duallidar/build/dual_lidar_merger/share/dual_lidar_merger/hook/pythonpath_develop.sh'
[0.874s] Level 1:colcon.colcon_core.environment:checking '/home/atharv/sim_duallidar/install/dual_lidar_merger' for CMake module files
[0.874s] Level 1:colcon.colcon_core.environment:checking '/home/atharv/sim_duallidar/install/dual_lidar_merger' for CMake config files
[0.875s] Level 1:colcon.colcon_core.environment:checking '/home/atharv/sim_duallidar/install/dual_lidar_merger/lib'
[0.875s] Level 1:colcon.colcon_core.environment:checking '/home/atharv/sim_duallidar/install/dual_lidar_merger/bin'
[0.875s] Level 1:colcon.colcon_core.environment:checking '/home/atharv/sim_duallidar/install/dual_lidar_merger/lib/pkgconfig/dual_lidar_merger.pc'
[0.875s] Level 1:colcon.colcon_core.environment:checking '/home/atharv/sim_duallidar/install/dual_lidar_merger/lib/python3.10/site-packages'
[0.875s] Level 1:colcon.colcon_core.shell:create_environment_hook('dual_lidar_merger', 'pythonpath')
[0.875s] INFO:colcon.colcon_core.shell:Creating environment hook '/home/atharv/sim_duallidar/install/dual_lidar_merger/share/dual_lidar_merger/hook/pythonpath.ps1'
[0.875s] INFO:colcon.colcon_core.shell:Creating environment descriptor '/home/atharv/sim_duallidar/install/dual_lidar_merger/share/dual_lidar_merger/hook/pythonpath.dsv'
[0.875s] INFO:colcon.colcon_core.shell:Creating environment hook '/home/atharv/sim_duallidar/install/dual_lidar_merger/share/dual_lidar_merger/hook/pythonpath.sh'
[0.876s] Level 1:colcon.colcon_core.environment:checking '/home/atharv/sim_duallidar/install/dual_lidar_merger/bin'
[0.876s] Level 1:colcon.colcon_core.environment:create_environment_scripts_only(dual_lidar_merger)
[0.876s] INFO:colcon.colcon_core.shell:Creating package script '/home/atharv/sim_duallidar/install/dual_lidar_merger/share/dual_lidar_merger/package.ps1'
[0.876s] INFO:colcon.colcon_core.shell:Creating package descriptor '/home/atharv/sim_duallidar/install/dual_lidar_merger/share/dual_lidar_merger/package.dsv'
[0.877s] INFO:colcon.colcon_core.shell:Creating package script '/home/atharv/sim_duallidar/install/dual_lidar_merger/share/dual_lidar_merger/package.sh'
[0.877s] INFO:colcon.colcon_core.shell:Creating package script '/home/atharv/sim_duallidar/install/dual_lidar_merger/share/dual_lidar_merger/package.bash'
[0.877s] INFO:colcon.colcon_core.shell:Creating package script '/home/atharv/sim_duallidar/install/dual_lidar_merger/share/dual_lidar_merger/package.zsh'
[0.877s] Level 1:colcon.colcon_core.environment:create_file_with_runtime_dependencies(/home/atharv/sim_duallidar/install/dual_lidar_merger/share/colcon-core/packages/dual_lidar_merger)
[0.877s] DEBUG:colcon.colcon_parallel_executor.executor.parallel:closing loop
[0.877s] DEBUG:colcon.colcon_parallel_executor.executor.parallel:loop closed
[0.877s] DEBUG:colcon.colcon_parallel_executor.executor.parallel:run_until_complete finished with '0'
[0.877s] DEBUG:colcon.colcon_core.event_reactor:joining thread
[0.881s] INFO:colcon.colcon_core.plugin_system:Skipping extension 'colcon_notification.desktop_notification.terminal_notifier': Not used on non-Darwin systems
[0.881s] INFO:colcon.colcon_core.plugin_system:Skipping extension 'colcon_notification.desktop_notification.win32': Not used on non-Windows systems
[0.881s] INFO:colcon.colcon_notification.desktop_notification:Sending desktop notification using 'notify2'
[0.889s] DEBUG:colcon.colcon_core.event_reactor:joined thread
[0.890s] INFO:colcon.colcon_core.shell:Creating prefix script '/home/atharv/sim_duallidar/install/local_setup.ps1'
[0.890s] INFO:colcon.colcon_core.shell:Creating prefix util module '/home/atharv/sim_duallidar/install/_local_setup_util_ps1.py'
[0.891s] INFO:colcon.colcon_core.shell:Creating prefix chain script '/home/atharv/sim_duallidar/install/setup.ps1'
[0.892s] INFO:colcon.colcon_core.shell:Creating prefix script '/home/atharv/sim_duallidar/install/local_setup.sh'
[0.893s] INFO:colcon.colcon_core.shell:Creating prefix util module '/home/atharv/sim_duallidar/install/_local_setup_util_sh.py'
[0.893s] INFO:colcon.colcon_core.shell:Creating prefix chain script '/home/atharv/sim_duallidar/install/setup.sh'
[0.893s] INFO:colcon.colcon_core.shell:Creating prefix script '/home/atharv/sim_duallidar/install/local_setup.bash'
[0.894s] INFO:colcon.colcon_core.shell:Creating prefix chain script '/home/atharv/sim_duallidar/install/setup.bash'
[0.894s] INFO:colcon.colcon_core.shell:Creating prefix script '/home/atharv/sim_duallidar/install/local_setup.zsh'
[0.894s] INFO:colcon.colcon_core.shell:Creating prefix chain script '/home/atharv/sim_duallidar/install/setup.zsh'
